<?xml version="1.0" encoding="UTF-8"?>
<testsuite xmlns:xsi="http://www.w3.org/2001/XMLSchema-instance" xsi:noNamespaceSchemaLocation="https://maven.apache.org/surefire/maven-surefire-plugin/xsd/surefire-test-report-3.0.xsd" version="3.0" name="com.newidea.pedido.PedidoApplicationTests" time="14.159" tests="1" errors="0" skipped="0" failures="0">
  <properties>
[...]
</properties>
  <testcase name="contextLoads" classname="com.newidea.pedido.PedidoApplicationTests" time="1.054">
    <system-out><![CDATA[10:37:55.351 [main] INFO org.springframework.test.context.support.AnnotationConfigContextLoaderUtils -- Could not detect default configuration classes for test class [com.newidea.pedido.PedidoApplicationTests]: PedidoApplicationTests does not declare any static, non-private, non-final, nested classes annotated with @Configuration.
10:37:55.648 [main] INFO org.springframework.boot.test.context.SpringBootTestContextBootstrapper -- Found @SpringBootConfiguration com.newidea.pedido.PedidoApplication for test class com.newidea.pedido.PedidoApplicationTests

  .   ____          _            __ _ _
 /\\ / ___'_ __ _ _(_)_ __  __ _ \ \ \ \
( ( )\___ | '_ | '_| | '_ \/ _` | \ \ \ \
 \\/  ___)| |_)| | | | | || (_| |  ) ) ) )
  '  |____| .__|_| |_|_| |_\__, | / / / /
 =========|_|==============|___/=/_/_/_/
 :: Spring Boot ::                (v3.1.9)

2024-03-06T10:37:56.683-03:00  INFO 8189 --- [           main] c.newidea.pedido.PedidoApplicationTests  : Starting PedidoApplicationTests using Java 19.0.2 with PID 8189 (started by ronaldocastilho in /Users/ronaldocastilho/Desktop/workspace/pedido)
2024-03-06T10:37:56.687-03:00  INFO 8189 --- [           main] c.newidea.pedido.PedidoApplicationTests  : No active profile set, falling back to 1 default profile: "default"
2024-03-06T10:37:58.607-03:00  INFO 8189 --- [           main] .s.d.r.c.RepositoryConfigurationDelegate : Bootstrapping Spring Data JPA repositories in DEFAULT mode.
2024-03-06T10:37:58.744-03:00  INFO 8189 --- [           main] .s.d.r.c.RepositoryConfigurationDelegate : Finished Spring Data repository scanning in 113 ms. Found 1 JPA repository interface.
2024-03-06T10:38:00.256-03:00  INFO 8189 --- [           main] o.hibernate.jpa.internal.util.LogHelper  : HHH000204: Processing PersistenceUnitInfo [name: default]
2024-03-06T10:38:00.471-03:00  INFO 8189 --- [           main] org.hibernate.Version                    : HHH000412: Hibernate ORM core version 6.2.22.Final
2024-03-06T10:38:00.481-03:00  INFO 8189 --- [           main] org.hibernate.cfg.Environment            : HHH000406: Using bytecode reflection optimizer
2024-03-06T10:38:01.502-03:00  INFO 8189 --- [           main] o.s.o.j.p.SpringPersistenceUnitInfo      : No LoadTimeWeaver setup: ignoring JPA class transformer
2024-03-06T10:38:01.602-03:00  INFO 8189 --- [           main] com.zaxxer.hikari.HikariDataSource       : HikariPool-1 - Starting...
2024-03-06T10:38:01.896-03:00  INFO 8189 --- [           main] com.zaxxer.hikari.pool.HikariPool        : HikariPool-1 - Added connection org.postgresql.jdbc.PgConnection@3181d4de
2024-03-06T10:38:01.900-03:00  INFO 8189 --- [           main] com.zaxxer.hikari.HikariDataSource       : HikariPool-1 - Start completed.
2024-03-06T10:38:04.028-03:00  INFO 8189 --- [           main] o.h.e.t.j.p.i.JtaPlatformInitiator       : HHH000489: No JTA platform available (set 'hibernate.transaction.jta.platform' to enable JTA platform integration)
2024-03-06T10:38:04.240-03:00  INFO 8189 --- [           main] j.LocalContainerEntityManagerFactoryBean : Initialized JPA EntityManagerFactory for persistence unit 'default'
2024-03-06T10:38:06.163-03:00  WARN 8189 --- [           main] JpaBaseConfiguration$JpaWebConfiguration : spring.jpa.open-in-view is enabled by default. Therefore, database queries may be performed during view rendering. Explicitly configure spring.jpa.open-in-view to disable this warning
2024-03-06T10:38:08.079-03:00  INFO 8189 --- [           main] c.newidea.pedido.PedidoApplicationTests  : Started PedidoApplicationTests in 11.989 seconds (process running for 15.261)
]]></system-out>
  </testcase>
</testsuite>